{"/home/lucas/repos/web-projects/battleship/src/logic.js": {"path":"/home/lucas/repos/web-projects/battleship/src/logic.js","statementMap":{"0":{"start":{"line":3,"column":8},"end":{"line":3,"column":23}},"1":{"start":{"line":4,"column":8},"end":{"line":4,"column":22}},"2":{"start":{"line":8,"column":8},"end":{"line":8,"column":20}},"3":{"start":{"line":12,"column":8},"end":{"line":14,"column":9}},"4":{"start":{"line":13,"column":12},"end":{"line":13,"column":24}},"5":{"start":{"line":20,"column":8},"end":{"line":20,"column":40}},"6":{"start":{"line":21,"column":8},"end":{"line":21,"column":30}},"7":{"start":{"line":22,"column":8},"end":{"line":22,"column":55}},"8":{"start":{"line":23,"column":8},"end":{"line":23,"column":24}},"9":{"start":{"line":24,"column":8},"end":{"line":24,"column":24}},"10":{"start":{"line":25,"column":8},"end":{"line":25,"column":29}},"11":{"start":{"line":29,"column":22},"end":{"line":29,"column":24}},"12":{"start":{"line":30,"column":21},"end":{"line":30,"column":23}},"13":{"start":{"line":32,"column":8},"end":{"line":38,"column":9}},"14":{"start":{"line":32,"column":21},"end":{"line":32,"column":22}},"15":{"start":{"line":33,"column":22},"end":{"line":33,"column":24}},"16":{"start":{"line":34,"column":10},"end":{"line":36,"column":11}},"17":{"start":{"line":34,"column":23},"end":{"line":34,"column":24}},"18":{"start":{"line":35,"column":12},"end":{"line":35,"column":27}},"19":{"start":{"line":37,"column":10},"end":{"line":37,"column":26}},"20":{"start":{"line":39,"column":8},"end":{"line":39,"column":21}},"21":{"start":{"line":43,"column":8},"end":{"line":45,"column":9}},"22":{"start":{"line":44,"column":12},"end":{"line":44,"column":25}},"23":{"start":{"line":47,"column":21},"end":{"line":47,"column":43}},"24":{"start":{"line":48,"column":21},"end":{"line":48,"column":43}},"25":{"start":{"line":49,"column":8},"end":{"line":51,"column":9}},"26":{"start":{"line":50,"column":12},"end":{"line":50,"column":25}},"27":{"start":{"line":53,"column":8},"end":{"line":60,"column":9}},"28":{"start":{"line":53,"column":21},"end":{"line":53,"column":22}},"29":{"start":{"line":54,"column":29},"end":{"line":54,"column":43}},"30":{"start":{"line":55,"column":29},"end":{"line":55,"column":43}},"31":{"start":{"line":57,"column":12},"end":{"line":59,"column":13}},"32":{"start":{"line":58,"column":16},"end":{"line":58,"column":29}},"33":{"start":{"line":61,"column":8},"end":{"line":61,"column":20}},"34":{"start":{"line":65,"column":27},"end":{"line":65,"column":53}},"35":{"start":{"line":66,"column":8},"end":{"line":66,"column":44}},"36":{"start":{"line":67,"column":21},"end":{"line":67,"column":34}},"37":{"start":{"line":68,"column":8},"end":{"line":72,"column":9}},"38":{"start":{"line":68,"column":21},"end":{"line":68,"column":22}},"39":{"start":{"line":69,"column":26},"end":{"line":69,"column":40}},"40":{"start":{"line":70,"column":26},"end":{"line":70,"column":40}},"41":{"start":{"line":71,"column":12},"end":{"line":71,"column":44}},"42":{"start":{"line":76,"column":8},"end":{"line":96,"column":9}},"43":{"start":{"line":77,"column":22},"end":{"line":77,"column":52}},"44":{"start":{"line":78,"column":22},"end":{"line":78,"column":52}},"45":{"start":{"line":79,"column":24},"end":{"line":79,"column":63}},"46":{"start":{"line":80,"column":24},"end":{"line":80,"column":30}},"47":{"start":{"line":82,"column":25},"end":{"line":85,"column":15}},"48":{"start":{"line":87,"column":12},"end":{"line":89,"column":13}},"49":{"start":{"line":88,"column":16},"end":{"line":88,"column":70}},"50":{"start":{"line":91,"column":27},"end":{"line":91,"column":71}},"51":{"start":{"line":93,"column":12},"end":{"line":95,"column":13}},"52":{"start":{"line":94,"column":16},"end":{"line":94,"column":66}},"53":{"start":{"line":100,"column":8},"end":{"line":102,"column":9}},"54":{"start":{"line":100,"column":42},"end":{"line":100,"column":72}},"55":{"start":{"line":101,"column":12},"end":{"line":101,"column":25}},"56":{"start":{"line":104,"column":8},"end":{"line":104,"column":38}},"57":{"start":{"line":106,"column":8},"end":{"line":120,"column":9}},"58":{"start":{"line":107,"column":12},"end":{"line":107,"column":47}},"59":{"start":{"line":109,"column":12},"end":{"line":109,"column":35}},"60":{"start":{"line":111,"column":12},"end":{"line":113,"column":13}},"61":{"start":{"line":112,"column":16},"end":{"line":112,"column":30}},"62":{"start":{"line":115,"column":12},"end":{"line":117,"column":13}},"63":{"start":{"line":116,"column":16},"end":{"line":116,"column":36}},"64":{"start":{"line":119,"column":12},"end":{"line":119,"column":24}},"65":{"start":{"line":124,"column":21},"end":{"line":124,"column":26}},"66":{"start":{"line":125,"column":16},"end":{"line":125,"column":17}},"67":{"start":{"line":126,"column":16},"end":{"line":126,"column":17}},"68":{"start":{"line":128,"column":8},"end":{"line":140,"column":9}},"69":{"start":{"line":129,"column":12},"end":{"line":137,"column":13}},"70":{"start":{"line":130,"column":16},"end":{"line":130,"column":37}},"71":{"start":{"line":131,"column":16},"end":{"line":131,"column":37}},"72":{"start":{"line":133,"column":16},"end":{"line":133,"column":35}},"73":{"start":{"line":135,"column":16},"end":{"line":135,"column":51}},"74":{"start":{"line":136,"column":16},"end":{"line":136,"column":51}},"75":{"start":{"line":139,"column":12},"end":{"line":139,"column":46}},"76":{"start":{"line":142,"column":8},"end":{"line":162,"column":9}},"77":{"start":{"line":143,"column":24},"end":{"line":143,"column":26}},"78":{"start":{"line":145,"column":28},"end":{"line":145,"column":62}},"79":{"start":{"line":147,"column":12},"end":{"line":159,"column":13}},"80":{"start":{"line":148,"column":29},"end":{"line":148,"column":40}},"81":{"start":{"line":149,"column":29},"end":{"line":149,"column":40}},"82":{"start":{"line":151,"column":16},"end":{"line":158,"column":17}},"83":{"start":{"line":157,"column":20},"end":{"line":157,"column":43}},"84":{"start":{"line":161,"column":12},"end":{"line":161,"column":49}},"85":{"start":{"line":164,"column":8},"end":{"line":164,"column":42}},"86":{"start":{"line":170,"column":8},"end":{"line":170,"column":38}},"87":{"start":{"line":171,"column":8},"end":{"line":171,"column":37}},"88":{"start":{"line":172,"column":8},"end":{"line":172,"column":26}},"89":{"start":{"line":173,"column":8},"end":{"line":173,"column":28}},"90":{"start":{"line":174,"column":8},"end":{"line":174,"column":24}},"91":{"start":{"line":175,"column":8},"end":{"line":175,"column":24}},"92":{"start":{"line":176,"column":8},"end":{"line":176,"column":30}},"93":{"start":{"line":177,"column":8},"end":{"line":177,"column":26}}},"fnMap":{"0":{"name":"(anonymous_0)","decl":{"start":{"line":2,"column":4},"end":{"line":2,"column":5}},"loc":{"start":{"line":2,"column":25},"end":{"line":5,"column":5}},"line":2},"1":{"name":"(anonymous_1)","decl":{"start":{"line":7,"column":4},"end":{"line":7,"column":5}},"loc":{"start":{"line":7,"column":10},"end":{"line":9,"column":5}},"line":7},"2":{"name":"(anonymous_2)","decl":{"start":{"line":11,"column":4},"end":{"line":11,"column":5}},"loc":{"start":{"line":11,"column":13},"end":{"line":15,"column":5}},"line":11},"3":{"name":"(anonymous_3)","decl":{"start":{"line":19,"column":4},"end":{"line":19,"column":5}},"loc":{"start":{"line":19,"column":18},"end":{"line":26,"column":5}},"line":19},"4":{"name":"(anonymous_4)","decl":{"start":{"line":28,"column":4},"end":{"line":28,"column":5}},"loc":{"start":{"line":28,"column":18},"end":{"line":40,"column":5}},"line":28},"5":{"name":"(anonymous_5)","decl":{"start":{"line":42,"column":4},"end":{"line":42,"column":5}},"loc":{"start":{"line":42,"column":40},"end":{"line":62,"column":5}},"line":42},"6":{"name":"(anonymous_6)","decl":{"start":{"line":64,"column":4},"end":{"line":64,"column":5}},"loc":{"start":{"line":64,"column":38},"end":{"line":73,"column":5}},"line":64},"7":{"name":"(anonymous_7)","decl":{"start":{"line":75,"column":4},"end":{"line":75,"column":5}},"loc":{"start":{"line":75,"column":13},"end":{"line":97,"column":5}},"line":75},"8":{"name":"(anonymous_8)","decl":{"start":{"line":99,"column":4},"end":{"line":99,"column":5}},"loc":{"start":{"line":99,"column":24},"end":{"line":121,"column":5}},"line":99},"9":{"name":"(anonymous_9)","decl":{"start":{"line":100,"column":34},"end":{"line":100,"column":35}},"loc":{"start":{"line":100,"column":42},"end":{"line":100,"column":72}},"line":100},"10":{"name":"(anonymous_10)","decl":{"start":{"line":123,"column":4},"end":{"line":123,"column":5}},"loc":{"start":{"line":123,"column":17},"end":{"line":165,"column":5}},"line":123},"11":{"name":"(anonymous_11)","decl":{"start":{"line":169,"column":4},"end":{"line":169,"column":5}},"loc":{"start":{"line":169,"column":18},"end":{"line":178,"column":5}},"line":169}},"branchMap":{"0":{"loc":{"start":{"line":2,"column":16},"end":{"line":2,"column":23}},"type":"default-arg","locations":[{"start":{"line":2,"column":22},"end":{"line":2,"column":23}}],"line":2},"1":{"loc":{"start":{"line":12,"column":8},"end":{"line":14,"column":9}},"type":"if","locations":[{"start":{"line":12,"column":8},"end":{"line":14,"column":9}},{"start":{},"end":{}}],"line":12},"2":{"loc":{"start":{"line":43,"column":8},"end":{"line":45,"column":9}},"type":"if","locations":[{"start":{"line":43,"column":8},"end":{"line":45,"column":9}},{"start":{},"end":{}}],"line":43},"3":{"loc":{"start":{"line":49,"column":8},"end":{"line":51,"column":9}},"type":"if","locations":[{"start":{"line":49,"column":8},"end":{"line":51,"column":9}},{"start":{},"end":{}}],"line":49},"4":{"loc":{"start":{"line":49,"column":12},"end":{"line":49,"column":93}},"type":"binary-expr","locations":[{"start":{"line":49,"column":12},"end":{"line":49,"column":20}},{"start":{"line":49,"column":24},"end":{"line":49,"column":49}},{"start":{"line":49,"column":53},"end":{"line":49,"column":61}},{"start":{"line":49,"column":65},"end":{"line":49,"column":93}}],"line":49},"5":{"loc":{"start":{"line":57,"column":12},"end":{"line":59,"column":13}},"type":"if","locations":[{"start":{"line":57,"column":12},"end":{"line":59,"column":13}},{"start":{},"end":{}}],"line":57},"6":{"loc":{"start":{"line":87,"column":12},"end":{"line":89,"column":13}},"type":"if","locations":[{"start":{"line":87,"column":12},"end":{"line":89,"column":13}},{"start":{},"end":{}}],"line":87},"7":{"loc":{"start":{"line":93,"column":12},"end":{"line":95,"column":13}},"type":"if","locations":[{"start":{"line":93,"column":12},"end":{"line":95,"column":13}},{"start":{},"end":{}}],"line":93},"8":{"loc":{"start":{"line":100,"column":8},"end":{"line":102,"column":9}},"type":"if","locations":[{"start":{"line":100,"column":8},"end":{"line":102,"column":9}},{"start":{},"end":{}}],"line":100},"9":{"loc":{"start":{"line":100,"column":42},"end":{"line":100,"column":72}},"type":"binary-expr","locations":[{"start":{"line":100,"column":42},"end":{"line":100,"column":55}},{"start":{"line":100,"column":59},"end":{"line":100,"column":72}}],"line":100},"10":{"loc":{"start":{"line":106,"column":8},"end":{"line":120,"column":9}},"type":"if","locations":[{"start":{"line":106,"column":8},"end":{"line":120,"column":9}},{"start":{"line":108,"column":15},"end":{"line":120,"column":9}}],"line":106},"11":{"loc":{"start":{"line":111,"column":12},"end":{"line":113,"column":13}},"type":"if","locations":[{"start":{"line":111,"column":12},"end":{"line":113,"column":13}},{"start":{},"end":{}}],"line":111},"12":{"loc":{"start":{"line":115,"column":12},"end":{"line":117,"column":13}},"type":"if","locations":[{"start":{"line":115,"column":12},"end":{"line":117,"column":13}},{"start":{},"end":{}}],"line":115},"13":{"loc":{"start":{"line":129,"column":12},"end":{"line":137,"column":13}},"type":"if","locations":[{"start":{"line":129,"column":12},"end":{"line":137,"column":13}},{"start":{"line":134,"column":19},"end":{"line":137,"column":13}}],"line":129},"14":{"loc":{"start":{"line":142,"column":8},"end":{"line":162,"column":9}},"type":"if","locations":[{"start":{"line":142,"column":8},"end":{"line":162,"column":9}},{"start":{},"end":{}}],"line":142},"15":{"loc":{"start":{"line":151,"column":16},"end":{"line":158,"column":17}},"type":"if","locations":[{"start":{"line":151,"column":16},"end":{"line":158,"column":17}},{"start":{},"end":{}}],"line":151},"16":{"loc":{"start":{"line":152,"column":20},"end":{"line":155,"column":47}},"type":"binary-expr","locations":[{"start":{"line":152,"column":20},"end":{"line":152,"column":29}},{"start":{"line":153,"column":20},"end":{"line":153,"column":44}},{"start":{"line":154,"column":20},"end":{"line":154,"column":29}},{"start":{"line":155,"column":20},"end":{"line":155,"column":47}}],"line":152}},"s":{"0":3,"1":3,"2":3,"3":2,"4":1,"5":3,"6":3,"7":3,"8":3,"9":3,"10":3,"11":3,"12":3,"13":3,"14":3,"15":30,"16":30,"17":30,"18":300,"19":30,"20":3,"21":4,"22":0,"23":4,"24":4,"25":4,"26":1,"27":3,"28":3,"29":12,"30":12,"31":12,"32":0,"33":3,"34":2,"35":2,"36":2,"37":2,"38":2,"39":8,"40":8,"41":8,"42":1,"43":2,"44":2,"45":2,"46":2,"47":2,"48":2,"49":2,"50":2,"51":2,"52":1,"53":4,"54":6,"55":0,"56":4,"57":4,"58":3,"59":1,"60":1,"61":0,"62":1,"63":0,"64":1,"65":2,"66":2,"67":2,"68":2,"69":2,"70":0,"71":0,"72":0,"73":2,"74":2,"75":2,"76":2,"77":0,"78":0,"79":0,"80":0,"81":0,"82":0,"83":0,"84":0,"85":2,"86":0,"87":0,"88":0,"89":0,"90":0,"91":0,"92":0,"93":0},"f":{"0":3,"1":3,"2":2,"3":3,"4":3,"5":4,"6":2,"7":1,"8":4,"9":6,"10":2,"11":0},"b":{"0":[0],"1":[1,1],"2":[0,4],"3":[1,3],"4":[4,4,4,4],"5":[0,12],"6":[2,0],"7":[1,1],"8":[0,4],"9":[6,1],"10":[3,1],"11":[0,1],"12":[0,1],"13":[0,2],"14":[0,2],"15":[0,0],"16":[0,0,0,0]},"_coverageSchema":"1a1c01bbd47fc00a2c39e90264f33305004495a9","hash":"893526cdce19794750fb55a9035ae9f55fa90331"}
}
