TN:
SF:src/logic.js
FN:2,(anonymous_0)
FN:7,(anonymous_1)
FN:11,(anonymous_2)
FN:19,(anonymous_3)
FN:28,(anonymous_4)
FN:42,(anonymous_5)
FN:64,(anonymous_6)
FN:75,(anonymous_7)
FN:99,(anonymous_8)
FN:100,(anonymous_9)
FN:123,(anonymous_10)
FN:169,(anonymous_11)
FNF:12
FNH:11
FNDA:3,(anonymous_0)
FNDA:3,(anonymous_1)
FNDA:2,(anonymous_2)
FNDA:3,(anonymous_3)
FNDA:3,(anonymous_4)
FNDA:4,(anonymous_5)
FNDA:2,(anonymous_6)
FNDA:1,(anonymous_7)
FNDA:4,(anonymous_8)
FNDA:6,(anonymous_9)
FNDA:2,(anonymous_10)
FNDA:0,(anonymous_11)
DA:3,3
DA:4,3
DA:8,3
DA:12,2
DA:13,1
DA:20,3
DA:21,3
DA:22,3
DA:23,3
DA:24,3
DA:25,3
DA:29,3
DA:30,3
DA:32,3
DA:33,30
DA:34,30
DA:35,300
DA:37,30
DA:39,3
DA:43,4
DA:44,0
DA:47,4
DA:48,4
DA:49,4
DA:50,1
DA:53,3
DA:54,12
DA:55,12
DA:57,12
DA:58,0
DA:61,3
DA:65,2
DA:66,2
DA:67,2
DA:68,2
DA:69,8
DA:70,8
DA:71,8
DA:76,1
DA:77,2
DA:78,2
DA:79,2
DA:80,2
DA:82,2
DA:87,2
DA:88,2
DA:91,2
DA:93,2
DA:94,1
DA:100,6
DA:101,0
DA:104,4
DA:106,4
DA:107,3
DA:109,1
DA:111,1
DA:112,0
DA:115,1
DA:116,0
DA:119,1
DA:124,2
DA:125,2
DA:126,2
DA:128,2
DA:129,2
DA:130,0
DA:131,0
DA:133,0
DA:135,2
DA:136,2
DA:139,2
DA:142,2
DA:143,0
DA:145,0
DA:147,0
DA:148,0
DA:149,0
DA:151,0
DA:157,0
DA:161,0
DA:164,2
DA:170,0
DA:171,0
DA:172,0
DA:173,0
DA:174,0
DA:175,0
DA:176,0
DA:177,0
LF:89
LH:65
BRDA:2,0,0,0
BRDA:12,1,0,1
BRDA:12,1,1,1
BRDA:43,2,0,0
BRDA:43,2,1,4
BRDA:49,3,0,1
BRDA:49,3,1,3
BRDA:49,4,0,4
BRDA:49,4,1,4
BRDA:49,4,2,4
BRDA:49,4,3,4
BRDA:57,5,0,0
BRDA:57,5,1,12
BRDA:87,6,0,2
BRDA:87,6,1,0
BRDA:93,7,0,1
BRDA:93,7,1,1
BRDA:100,8,0,0
BRDA:100,8,1,4
BRDA:100,9,0,6
BRDA:100,9,1,1
BRDA:106,10,0,3
BRDA:106,10,1,1
BRDA:111,11,0,0
BRDA:111,11,1,1
BRDA:115,12,0,0
BRDA:115,12,1,1
BRDA:129,13,0,0
BRDA:129,13,1,2
BRDA:142,14,0,0
BRDA:142,14,1,2
BRDA:151,15,0,0
BRDA:151,15,1,0
BRDA:152,16,0,0
BRDA:152,16,1,0
BRDA:152,16,2,0
BRDA:152,16,3,0
BRF:37
BRH:22
end_of_record
